[33mcommit 71d5fdb4b980c2c4f20316cdd0007935eb853488[m[33m ([m[1;36mHEAD[m[33m -> [m[1;32mmaster[m[33m)[m
Author: aoye294 <aosaoye16@gmail.com>
Date:   Sat Nov 23 10:32:30 2024 +0100

    Primer cambio del proyecto

[1mdiff --git a/README b/README[m
[1mnew file mode 100644[m
[1mindex 0000000..7f3a75d[m
[1m--- /dev/null[m
[1m+++ b/README[m
[36m@@ -0,0 +1 @@[m
[32m+[m[32mEste es un proyecto de portafolio[m
\ No newline at end of file[m
[1mdiff --git a/assets/css/index.css b/assets/css/index.css[m
[1mnew file mode 100644[m
[1mindex 0000000..e69de29[m
[1mdiff --git a/assets/js/index.js b/assets/js/index.js[m
[1mnew file mode 100644[m
[1mindex 0000000..e69de29[m
[1mdiff --git a/index.html b/index.html[m
[1mnew file mode 100644[m
[1mindex 0000000..47dc700[m
[1m--- /dev/null[m
[1m+++ b/index.html[m
[36m@@ -0,0 +1,11 @@[m
[32m+[m[32m<!DOCTYPE html>[m
[32m+[m[32m<html lang="en">[m
[32m+[m[32m<head>[m
[32m+[m[32m    <meta charset="UTF-8">[m
[32m+[m[32m    <meta name="viewport" content="width=device-width, initial-scale=1.0">[m
[32m+[m[32m    <title>Workspace 01</title>[m
[32m+[m[32m</head>[m
[32m+[m[32m<body>[m
[32m+[m[41m    [m
[32m+[m[32m</body>[m
[32m+[m[32m</html>[m
\ No newline at end of file[m
